<?xml version="1.0" encoding="UTF-8"?>
<!-- Generated by org.testng.reporters.JUnitXMLReporter -->
<testsuite ignored="0" hostname="DESKTOP-2PRA8EG" failures="1" tests="3" name="login Test" time="0.22" errors="0" timestamp="2023-11-24T15:30:23 IST">
  <testcase classname="rough.ExtentTestDemo" name="failedMethod" time="0.044">
    <failure type="java.lang.AssertionError" message="null">
      <![CDATA[java.lang.AssertionError: null
at rough.ExtentTestDemo.failedMethod(ExtentTestDemo.java:19)
at java.base/java.util.ArrayList.forEach(ArrayList.java:1596)
... Removed 27 stack frames]]>
    </failure>
  </testcase> <!-- failedMethod -->
  <testcase classname="rough.ExtentTestDemo" name="skipedMethod" time="0.021">
    <skipped/>
  </testcase> <!-- skipedMethod -->
  <testcase classname="rough.ExtentTestDemo" name="testmethod" time="0.015"/>
</testsuite> <!-- login Test -->
